Arguments: 
  /Users/shunya/Library/Application Support/fnm/node-versions/v14.18.3/installation/bin/node /Users/shunya/Library/Caches/fnm_multishells/66760_1663496885495/bin/yarn init -

PATH: 
  /Users/shunya/Library/Caches/fnm_multishells/66760_1663496885495/bin:/opt/homebrew/bin:/opt/homebrew/sbin:/usr/local/bin:/usr/bin:/bin:/usr/sbin:/sbin:/Users/shunya/.cargo/bin

Yarn version: 
  1.22.19

Node version: 
  14.18.3

Platform: 
  darwin x64

Trace: 
  Error: canceled
      at Interface.<anonymous> (/Users/shunya/Library/Application Support/fnm/node-versions/v14.18.3/installation/lib/node_modules/yarn/lib/cli.js:137150:13)
      at Interface.emit (events.js:400:28)
      at Interface._ttyWrite (readline.js:1001:16)
      at ReadStream.onkeypress (readline.js:265:10)
      at ReadStream.emit (events.js:400:28)
      at emitKeys (internal/readline/utils.js:358:14)
      at emitKeys.next (<anonymous>)
      at ReadStream.onData (readline.js:1270:36)
      at ReadStream.emit (events.js:400:28)
      at addChunk (internal/streams/readable.js:293:12)

npm manifest: 
  No manifest

yarn manifest: 
  No manifest

Lockfile: 
  No lockfile
